[1022/151557.971:INFO:crash_reporting.cc(219)] Crash reporting enabled for process: browser
[1022/151558.038:INFO:gpu_process_host.cc(941)] [XWEB_LOG_GPU]  GPU process laucnched multi-process mode SUCCESS!!! gpu-process-pid:40356 gpu-process-sandbox:1
[1022/151558.081:INFO:crash_reporting.cc(219)] Crash reporting enabled for process: gpu-process
[1022/151558.825:INFO:crash_reporting.cc(219)] Crash reporting enabled for process: utility
[1022/151758.098:INFO:crash_reporting.cc(219)] Crash reporting enabled for process: gpu-process
[1023/022343.666:WARNING:dns_config_service_win.cc(672)] Failed to read DnsConfig.
[1023/022344.522:WARNING:dns_config_service_win.cc(672)] Failed to read DnsConfig.
[1023/022344.831:WARNING:dns_config_service_win.cc(672)] Failed to read DnsConfig.
[1023/022345.001:WARNING:dns_config_service_win.cc(672)] Failed to read DnsConfig.
[1023/022346.321:WARNING:dns_config_service_win.cc(672)] Failed to read DnsConfig.
[1023/022348.546:WARNING:dns_config_service_win.cc(672)] Failed to read DnsConfig.
[1023/022348.971:WARNING:dns_config_service_win.cc(672)] Failed to read DnsConfig.
[1023/022349.674:WARNING:dns_config_service_win.cc(672)] Failed to read DnsConfig.
[1023/022349.888:WARNING:dns_config_service_win.cc(672)] Failed to read DnsConfig.
[1023/022350.099:WARNING:dns_config_service_win.cc(672)] Failed to read DnsConfig.
[1023/022351.370:WARNING:dns_config_service_win.cc(672)] Failed to read DnsConfig.
[1023/022353.567:WARNING:dns_config_service_win.cc(672)] Failed to read DnsConfig.
[1023/022353.995:WARNING:dns_config_service_win.cc(672)] Failed to read DnsConfig.
[1023/022354.683:WARNING:dns_config_service_win.cc(672)] Failed to read DnsConfig.
[1023/022354.901:WARNING:dns_config_service_win.cc(672)] Failed to read DnsConfig.
[1023/022355.121:WARNING:dns_config_service_win.cc(672)] Failed to read DnsConfig.
[1023/022356.394:WARNING:dns_config_service_win.cc(672)] Failed to read DnsConfig.
[1023/022358.581:WARNING:dns_config_service_win.cc(672)] Failed to read DnsConfig.
[1023/022359.006:WARNING:dns_config_service_win.cc(672)] Failed to read DnsConfig.
[1023/022359.690:WARNING:dns_config_service_win.cc(672)] Failed to read DnsConfig.
[1023/022359.909:WARNING:dns_config_service_win.cc(672)] Failed to read DnsConfig.
[1023/022400.132:WARNING:dns_config_service_win.cc(672)] Failed to read DnsConfig.
[1023/022401.421:WARNING:dns_config_service_win.cc(672)] Failed to read DnsConfig.
[1023/022403.592:WARNING:dns_config_service_win.cc(672)] Failed to read DnsConfig.
[1023/022404.019:WARNING:dns_config_service_win.cc(672)] Failed to read DnsConfig.
[1023/022404.703:WARNING:dns_config_service_win.cc(672)] Failed to read DnsConfig.
[1023/022404.920:WARNING:dns_config_service_win.cc(672)] Failed to read DnsConfig.
[1023/022405.144:WARNING:dns_config_service_win.cc(672)] Failed to read DnsConfig.
[1023/022406.452:WARNING:dns_config_service_win.cc(672)] Failed to read DnsConfig.
[1023/022408.602:WARNING:dns_config_service_win.cc(672)] Failed to read DnsConfig.
[1023/022409.044:WARNING:dns_config_service_win.cc(672)] Failed to read DnsConfig.
[1023/022409.712:WARNING:dns_config_service_win.cc(672)] Failed to read DnsConfig.
[1023/022409.930:WARNING:dns_config_service_win.cc(672)] Failed to read DnsConfig.
[1023/022410.152:WARNING:dns_config_service_win.cc(672)] Failed to read DnsConfig.
[1023/022411.476:WARNING:dns_config_service_win.cc(672)] Failed to read DnsConfig.
[1023/022413.615:WARNING:dns_config_service_win.cc(672)] Failed to read DnsConfig.
[1023/022414.056:WARNING:dns_config_service_win.cc(672)] Failed to read DnsConfig.
[1023/022414.730:WARNING:dns_config_service_win.cc(672)] Failed to read DnsConfig.
[1023/022414.949:WARNING:dns_config_service_win.cc(672)] Failed to read DnsConfig.
[1023/022415.171:WARNING:dns_config_service_win.cc(672)] Failed to read DnsConfig.
[1023/022416.502:WARNING:dns_config_service_win.cc(672)] Failed to read DnsConfig.
[1023/022418.625:WARNING:dns_config_service_win.cc(672)] Failed to read DnsConfig.
[1023/022419.071:WARNING:dns_config_service_win.cc(672)] Failed to read DnsConfig.
[1023/022419.738:WARNING:dns_config_service_win.cc(672)] Failed to read DnsConfig.
[1023/022419.959:WARNING:dns_config_service_win.cc(672)] Failed to read DnsConfig.
[1023/022420.196:WARNING:dns_config_service_win.cc(672)] Failed to read DnsConfig.
[1023/022421.523:WARNING:dns_config_service_win.cc(672)] Failed to read DnsConfig.
[1023/022423.646:WARNING:dns_config_service_win.cc(672)] Failed to read DnsConfig.
[1023/022424.089:WARNING:dns_config_service_win.cc(672)] Failed to read DnsConfig.
[1023/022424.755:WARNING:dns_config_service_win.cc(672)] Failed to read DnsConfig.
[1023/022424.974:WARNING:dns_config_service_win.cc(672)] Failed to read DnsConfig.
[1023/022425.226:WARNING:dns_config_service_win.cc(672)] Failed to read DnsConfig.
[1023/022426.556:WARNING:dns_config_service_win.cc(672)] Failed to read DnsConfig.
[1023/022428.655:WARNING:dns_config_service_win.cc(672)] Failed to read DnsConfig.
[1023/022429.115:WARNING:dns_config_service_win.cc(672)] Failed to read DnsConfig.
[1023/022429.763:WARNING:dns_config_service_win.cc(672)] Failed to read DnsConfig.
[1023/022430.044:WARNING:dns_config_service_win.cc(672)] Failed to read DnsConfig.
[1023/022430.266:WARNING:dns_config_service_win.cc(672)] Failed to read DnsConfig.
[1023/022431.581:WARNING:dns_config_service_win.cc(672)] Failed to read DnsConfig.
[1023/022433.668:WARNING:dns_config_service_win.cc(672)] Failed to read DnsConfig.
[1023/022434.129:WARNING:dns_config_service_win.cc(672)] Failed to read DnsConfig.
[1023/022434.780:WARNING:dns_config_service_win.cc(672)] Failed to read DnsConfig.
[1023/022435.061:WARNING:dns_config_service_win.cc(672)] Failed to read DnsConfig.
[1023/022435.291:WARNING:dns_config_service_win.cc(672)] Failed to read DnsConfig.
[1023/022436.605:WARNING:dns_config_service_win.cc(672)] Failed to read DnsConfig.
[1023/022438.687:WARNING:dns_config_service_win.cc(672)] Failed to read DnsConfig.
[1023/022439.145:WARNING:dns_config_service_win.cc(672)] Failed to read DnsConfig.
[1023/022439.799:WARNING:dns_config_service_win.cc(672)] Failed to read DnsConfig.
[1023/022440.081:WARNING:dns_config_service_win.cc(672)] Failed to read DnsConfig.
[1023/022440.324:WARNING:dns_config_service_win.cc(672)] Failed to read DnsConfig.
[1023/022441.639:WARNING:dns_config_service_win.cc(672)] Failed to read DnsConfig.
[1023/022443.704:WARNING:dns_config_service_win.cc(672)] Failed to read DnsConfig.
[1023/022444.162:WARNING:dns_config_service_win.cc(672)] Failed to read DnsConfig.
[1023/022444.812:WARNING:dns_config_service_win.cc(672)] Failed to read DnsConfig.
[1023/022445.099:WARNING:dns_config_service_win.cc(672)] Failed to read DnsConfig.
[1023/022445.359:WARNING:dns_config_service_win.cc(672)] Failed to read DnsConfig.
[1023/022446.673:WARNING:dns_config_service_win.cc(672)] Failed to read DnsConfig.
[1023/022448.725:WARNING:dns_config_service_win.cc(672)] Failed to read DnsConfig.
[1023/022449.189:WARNING:dns_config_service_win.cc(672)] Failed to read DnsConfig.
[1023/022449.828:WARNING:dns_config_service_win.cc(672)] Failed to read DnsConfig.
[1023/022450.112:WARNING:dns_config_service_win.cc(672)] Failed to read DnsConfig.
[1023/022450.385:WARNING:dns_config_service_win.cc(672)] Failed to read DnsConfig.
[1023/022451.712:WARNING:dns_config_service_win.cc(672)] Failed to read DnsConfig.
[1023/022453.737:WARNING:dns_config_service_win.cc(672)] Failed to read DnsConfig.
[1023/022454.209:WARNING:dns_config_service_win.cc(672)] Failed to read DnsConfig.
[1023/022454.846:WARNING:dns_config_service_win.cc(672)] Failed to read DnsConfig.
[1023/022455.127:WARNING:dns_config_service_win.cc(672)] Failed to read DnsConfig.
[1023/022455.401:WARNING:dns_config_service_win.cc(672)] Failed to read DnsConfig.
[1023/022456.772:WARNING:dns_config_service_win.cc(672)] Failed to read DnsConfig.
[1023/022458.748:WARNING:dns_config_service_win.cc(672)] Failed to read DnsConfig.
[1023/022459.228:WARNING:dns_config_service_win.cc(672)] Failed to read DnsConfig.
[1023/022459.864:WARNING:dns_config_service_win.cc(672)] Failed to read DnsConfig.
[1023/022500.149:WARNING:dns_config_service_win.cc(672)] Failed to read DnsConfig.
[1023/022500.424:WARNING:dns_config_service_win.cc(672)] Failed to read DnsConfig.
[1023/022501.809:WARNING:dns_config_service_win.cc(672)] Failed to read DnsConfig.
[1023/022503.761:WARNING:dns_config_service_win.cc(672)] Failed to read DnsConfig.
[1023/022504.252:WARNING:dns_config_service_win.cc(672)] Failed to read DnsConfig.
[1023/022504.874:WARNING:dns_config_service_win.cc(672)] Failed to read DnsConfig.
[1023/022505.155:WARNING:dns_config_service_win.cc(672)] Failed to read DnsConfig.
[1023/022505.445:WARNING:dns_config_service_win.cc(672)] Failed to read DnsConfig.
[1023/022506.841:WARNING:dns_config_service_win.cc(672)] Failed to read DnsConfig.
[1023/022508.770:WARNING:dns_config_service_win.cc(672)] Failed to read DnsConfig.
[1023/022509.278:WARNING:dns_config_service_win.cc(672)] Failed to read DnsConfig.
[1023/022509.892:WARNING:dns_config_service_win.cc(672)] Failed to read DnsConfig.
[1023/022510.173:WARNING:dns_config_service_win.cc(672)] Failed to read DnsConfig.
[1023/022510.466:WARNING:dns_config_service_win.cc(672)] Failed to read DnsConfig.
[1023/022511.877:WARNING:dns_config_service_win.cc(672)] Failed to read DnsConfig.
[1023/022513.782:WARNING:dns_config_service_win.cc(672)] Failed to read DnsConfig.
[1023/022514.285:WARNING:dns_config_service_win.cc(672)] Failed to read DnsConfig.
[1023/022514.911:WARNING:dns_config_service_win.cc(672)] Failed to read DnsConfig.
[1023/022515.193:WARNING:dns_config_service_win.cc(672)] Failed to read DnsConfig.
[1023/022515.480:WARNING:dns_config_service_win.cc(672)] Failed to read DnsConfig.
[1023/022516.908:WARNING:dns_config_service_win.cc(672)] Failed to read DnsConfig.
[1023/022518.798:WARNING:dns_config_service_win.cc(672)] Failed to read DnsConfig.
[1023/022519.298:WARNING:dns_config_service_win.cc(672)] Failed to read DnsConfig.
[1023/022519.922:WARNING:dns_config_service_win.cc(672)] Failed to read DnsConfig.
[1023/022520.201:WARNING:dns_config_service_win.cc(672)] Failed to read DnsConfig.
[1023/022520.495:WARNING:dns_config_service_win.cc(672)] Failed to read DnsConfig.
[1023/022521.941:WARNING:dns_config_service_win.cc(672)] Failed to read DnsConfig.
[1023/022523.807:WARNING:dns_config_service_win.cc(672)] Failed to read DnsConfig.
[1023/022524.305:WARNING:dns_config_service_win.cc(672)] Failed to read DnsConfig.
[1023/022524.932:WARNING:dns_config_service_win.cc(672)] Failed to read DnsConfig.
[1023/022525.211:WARNING:dns_config_service_win.cc(672)] Failed to read DnsConfig.
[1023/022525.512:WARNING:dns_config_service_win.cc(672)] Failed to read DnsConfig.
[1023/022526.981:WARNING:dns_config_service_win.cc(672)] Failed to read DnsConfig.
[1023/022528.823:WARNING:dns_config_service_win.cc(672)] Failed to read DnsConfig.
[1023/022529.325:WARNING:dns_config_service_win.cc(672)] Failed to read DnsConfig.
[1023/022529.951:WARNING:dns_config_service_win.cc(672)] Failed to read DnsConfig.
[1023/022530.230:WARNING:dns_config_service_win.cc(672)] Failed to read DnsConfig.
[1023/022530.533:WARNING:dns_config_service_win.cc(672)] Failed to read DnsConfig.
[1023/022532.021:WARNING:dns_config_service_win.cc(672)] Failed to read DnsConfig.
[1023/022533.839:WARNING:dns_config_service_win.cc(672)] Failed to read DnsConfig.
[1023/022534.338:WARNING:dns_config_service_win.cc(672)] Failed to read DnsConfig.
[1023/022534.961:WARNING:dns_config_service_win.cc(672)] Failed to read DnsConfig.
[1023/022535.244:WARNING:dns_config_service_win.cc(672)] Failed to read DnsConfig.
[1023/022535.547:WARNING:dns_config_service_win.cc(672)] Failed to read DnsConfig.
[1023/022537.051:WARNING:dns_config_service_win.cc(672)] Failed to read DnsConfig.
[1023/022538.850:WARNING:dns_config_service_win.cc(672)] Failed to read DnsConfig.
[1023/022539.353:WARNING:dns_config_service_win.cc(672)] Failed to read DnsConfig.
[1023/022539.982:WARNING:dns_config_service_win.cc(672)] Failed to read DnsConfig.
[1023/022540.263:WARNING:dns_config_service_win.cc(672)] Failed to read DnsConfig.
[1023/022540.566:WARNING:dns_config_service_win.cc(672)] Failed to read DnsConfig.
[1023/022542.083:WARNING:dns_config_service_win.cc(672)] Failed to read DnsConfig.
[1023/022543.860:WARNING:dns_config_service_win.cc(672)] Failed to read DnsConfig.
[1023/022544.363:WARNING:dns_config_service_win.cc(672)] Failed to read DnsConfig.
[1023/022544.991:WARNING:dns_config_service_win.cc(672)] Failed to read DnsConfig.
[1023/022545.273:WARNING:dns_config_service_win.cc(672)] Failed to read DnsConfig.
[1023/022545.595:WARNING:dns_config_service_win.cc(672)] Failed to read DnsConfig.
[1023/022547.120:WARNING:dns_config_service_win.cc(672)] Failed to read DnsConfig.
[1023/022548.869:WARNING:dns_config_service_win.cc(672)] Failed to read DnsConfig.
[1023/022549.384:WARNING:dns_config_service_win.cc(672)] Failed to read DnsConfig.
[1023/022550.007:WARNING:dns_config_service_win.cc(672)] Failed to read DnsConfig.
[1023/022550.288:WARNING:dns_config_service_win.cc(672)] Failed to read DnsConfig.
[1023/022550.609:WARNING:dns_config_service_win.cc(672)] Failed to read DnsConfig.
[1023/022552.137:WARNING:dns_config_service_win.cc(672)] Failed to read DnsConfig.
[1023/022553.878:WARNING:dns_config_service_win.cc(672)] Failed to read DnsConfig.
[1023/022554.392:WARNING:dns_config_service_win.cc(672)] Failed to read DnsConfig.
[1023/022555.018:WARNING:dns_config_service_win.cc(672)] Failed to read DnsConfig.
[1023/022555.299:WARNING:dns_config_service_win.cc(672)] Failed to read DnsConfig.
[1023/022555.630:WARNING:dns_config_service_win.cc(672)] Failed to read DnsConfig.
[1023/022557.178:WARNING:dns_config_service_win.cc(672)] Failed to read DnsConfig.
[1023/022558.890:WARNING:dns_config_service_win.cc(672)] Failed to read DnsConfig.
[1023/022559.405:WARNING:dns_config_service_win.cc(672)] Failed to read DnsConfig.
[1023/022600.029:WARNING:dns_config_service_win.cc(672)] Failed to read DnsConfig.
[1023/022600.310:WARNING:dns_config_service_win.cc(672)] Failed to read DnsConfig.
[1023/022600.646:WARNING:dns_config_service_win.cc(672)] Failed to read DnsConfig.
[1023/022602.207:WARNING:dns_config_service_win.cc(672)] Failed to read DnsConfig.
[1023/022603.909:WARNING:dns_config_service_win.cc(672)] Failed to read DnsConfig.
[1023/022604.425:WARNING:dns_config_service_win.cc(672)] Failed to read DnsConfig.
[1023/022605.036:WARNING:dns_config_service_win.cc(672)] Failed to read DnsConfig.
[1023/022605.318:WARNING:dns_config_service_win.cc(672)] Failed to read DnsConfig.
[1023/022605.669:WARNING:dns_config_service_win.cc(672)] Failed to read DnsConfig.
[1023/022607.222:WARNING:dns_config_service_win.cc(672)] Failed to read DnsConfig.
[1023/022608.922:WARNING:dns_config_service_win.cc(672)] Failed to read DnsConfig.
[1023/022609.437:WARNING:dns_config_service_win.cc(672)] Failed to read DnsConfig.
[1023/022610.048:WARNING:dns_config_service_win.cc(672)] Failed to read DnsConfig.
[1023/022610.331:WARNING:dns_config_service_win.cc(672)] Failed to read DnsConfig.
[1023/022610.682:WARNING:dns_config_service_win.cc(672)] Failed to read DnsConfig.
[1023/022612.236:WARNING:dns_config_service_win.cc(672)] Failed to read DnsConfig.
[1023/022613.935:WARNING:dns_config_service_win.cc(672)] Failed to read DnsConfig.
[1023/022614.450:WARNING:dns_config_service_win.cc(672)] Failed to read DnsConfig.
[1023/022615.063:WARNING:dns_config_service_win.cc(672)] Failed to read DnsConfig.
[1023/022615.345:WARNING:dns_config_service_win.cc(672)] Failed to read DnsConfig.
[1023/022615.696:WARNING:dns_config_service_win.cc(672)] Failed to read DnsConfig.
[1023/022617.248:WARNING:dns_config_service_win.cc(672)] Failed to read DnsConfig.
[1023/022618.945:WARNING:dns_config_service_win.cc(672)] Failed to read DnsConfig.
[1023/022619.461:WARNING:dns_config_service_win.cc(672)] Failed to read DnsConfig.
[1023/022620.084:WARNING:dns_config_service_win.cc(672)] Failed to read DnsConfig.
[1023/022620.371:WARNING:dns_config_service_win.cc(672)] Failed to read DnsConfig.
[1023/022620.723:WARNING:dns_config_service_win.cc(672)] Failed to read DnsConfig.
[1023/022622.275:WARNING:dns_config_service_win.cc(672)] Failed to read DnsConfig.
[1023/022623.959:WARNING:dns_config_service_win.cc(672)] Failed to read DnsConfig.
[1023/022624.474:WARNING:dns_config_service_win.cc(672)] Failed to read DnsConfig.
[1023/022625.097:WARNING:dns_config_service_win.cc(672)] Failed to read DnsConfig.
[1023/022625.396:WARNING:dns_config_service_win.cc(672)] Failed to read DnsConfig.
[1023/022625.748:WARNING:dns_config_service_win.cc(672)] Failed to read DnsConfig.
[1023/022627.295:WARNING:dns_config_service_win.cc(672)] Failed to read DnsConfig.
[1023/022628.976:WARNING:dns_config_service_win.cc(672)] Failed to read DnsConfig.
[1023/022629.494:WARNING:dns_config_service_win.cc(672)] Failed to read DnsConfig.
[1023/022630.114:WARNING:dns_config_service_win.cc(672)] Failed to read DnsConfig.
[1023/022630.431:WARNING:dns_config_service_win.cc(672)] Failed to read DnsConfig.
[1023/022630.768:WARNING:dns_config_service_win.cc(672)] Failed to read DnsConfig.
[1023/022632.322:WARNING:dns_config_service_win.cc(672)] Failed to read DnsConfig.
[1023/022633.991:WARNING:dns_config_service_win.cc(672)] Failed to read DnsConfig.
[1023/022634.511:WARNING:dns_config_service_win.cc(672)] Failed to read DnsConfig.
[1023/022635.123:WARNING:dns_config_service_win.cc(672)] Failed to read DnsConfig.
[1023/022635.469:WARNING:dns_config_service_win.cc(672)] Failed to read DnsConfig.
[1023/022635.788:WARNING:dns_config_service_win.cc(672)] Failed to read DnsConfig.
[1023/022637.350:WARNING:dns_config_service_win.cc(672)] Failed to read DnsConfig.
[1023/022639.003:WARNING:dns_config_service_win.cc(672)] Failed to read DnsConfig.
[1023/022639.524:WARNING:dns_config_service_win.cc(672)] Failed to read DnsConfig.
[1023/022640.131:WARNING:dns_config_service_win.cc(672)] Failed to read DnsConfig.
[1023/022640.500:WARNING:dns_config_service_win.cc(672)] Failed to read DnsConfig.
[1023/022640.818:WARNING:dns_config_service_win.cc(672)] Failed to read DnsConfig.
[1023/022642.378:WARNING:dns_config_service_win.cc(672)] Failed to read DnsConfig.
[1023/022644.015:WARNING:dns_config_service_win.cc(672)] Failed to read DnsConfig.
[1023/022644.535:WARNING:dns_config_service_win.cc(672)] Failed to read DnsConfig.
[1023/022645.144:WARNING:dns_config_service_win.cc(672)] Failed to read DnsConfig.
[1023/022645.527:WARNING:dns_config_service_win.cc(672)] Failed to read DnsConfig.
[1023/022645.840:WARNING:dns_config_service_win.cc(672)] Failed to read DnsConfig.
[1023/022647.403:WARNING:dns_config_service_win.cc(672)] Failed to read DnsConfig.
[1023/022649.023:WARNING:dns_config_service_win.cc(672)] Failed to read DnsConfig.
[1023/022649.556:WARNING:dns_config_service_win.cc(672)] Failed to read DnsConfig.
[1023/022650.160:WARNING:dns_config_service_win.cc(672)] Failed to read DnsConfig.
[1023/022650.547:WARNING:dns_config_service_win.cc(672)] Failed to read DnsConfig.
[1023/022650.861:WARNING:dns_config_service_win.cc(672)] Failed to read DnsConfig.
[1023/022652.428:WARNING:dns_config_service_win.cc(672)] Failed to read DnsConfig.
[1023/022654.039:WARNING:dns_config_service_win.cc(672)] Failed to read DnsConfig.
[1023/022654.576:WARNING:dns_config_service_win.cc(672)] Failed to read DnsConfig.
[1023/022655.170:WARNING:dns_config_service_win.cc(672)] Failed to read DnsConfig.
[1023/022655.569:WARNING:dns_config_service_win.cc(672)] Failed to read DnsConfig.
[1023/022655.886:WARNING:dns_config_service_win.cc(672)] Failed to read DnsConfig.
[1023/022657.449:WARNING:dns_config_service_win.cc(672)] Failed to read DnsConfig.
[1023/022659.056:WARNING:dns_config_service_win.cc(672)] Failed to read DnsConfig.
[1023/022659.591:WARNING:dns_config_service_win.cc(672)] Failed to read DnsConfig.
[1023/022700.178:WARNING:dns_config_service_win.cc(672)] Failed to read DnsConfig.
[1023/022700.596:WARNING:dns_config_service_win.cc(672)] Failed to read DnsConfig.
[1023/022700.911:WARNING:dns_config_service_win.cc(672)] Failed to read DnsConfig.
[1023/022702.476:WARNING:dns_config_service_win.cc(672)] Failed to read DnsConfig.
[1023/022704.067:WARNING:dns_config_service_win.cc(672)] Failed to read DnsConfig.
[1023/022704.614:WARNING:dns_config_service_win.cc(672)] Failed to read DnsConfig.
[1023/022705.193:WARNING:dns_config_service_win.cc(672)] Failed to read DnsConfig.
[1023/022705.611:WARNING:dns_config_service_win.cc(672)] Failed to read DnsConfig.
[1023/022705.940:WARNING:dns_config_service_win.cc(672)] Failed to read DnsConfig.
[1023/022707.501:WARNING:dns_config_service_win.cc(672)] Failed to read DnsConfig.
[1023/022709.077:WARNING:dns_config_service_win.cc(672)] Failed to read DnsConfig.
[1023/022709.630:WARNING:dns_config_service_win.cc(672)] Failed to read DnsConfig.
[1023/022710.207:WARNING:dns_config_service_win.cc(672)] Failed to read DnsConfig.
[1023/022710.619:WARNING:dns_config_service_win.cc(672)] Failed to read DnsConfig.
[1023/022710.972:WARNING:dns_config_service_win.cc(672)] Failed to read DnsConfig.
[1023/022712.517:WARNING:dns_config_service_win.cc(672)] Failed to read DnsConfig.
[1023/022714.092:WARNING:dns_config_service_win.cc(672)] Failed to read DnsConfig.
[1023/022714.656:WARNING:dns_config_service_win.cc(672)] Failed to read DnsConfig.
[1023/022715.229:WARNING:dns_config_service_win.cc(672)] Failed to read DnsConfig.
[1023/022715.634:WARNING:dns_config_service_win.cc(672)] Failed to read DnsConfig.
[1023/022715.991:WARNING:dns_config_service_win.cc(672)] Failed to read DnsConfig.
[1023/022717.532:WARNING:dns_config_service_win.cc(672)] Failed to read DnsConfig.
[1023/022719.107:WARNING:dns_config_service_win.cc(672)] Failed to read DnsConfig.
[1023/022719.684:WARNING:dns_config_service_win.cc(672)] Failed to read DnsConfig.
[1023/022720.248:WARNING:dns_config_service_win.cc(672)] Failed to read DnsConfig.
[1023/022720.653:WARNING:dns_config_service_win.cc(672)] Failed to read DnsConfig.
[1023/022721.017:WARNING:dns_config_service_win.cc(672)] Failed to read DnsConfig.
[1023/022722.550:WARNING:dns_config_service_win.cc(672)] Failed to read DnsConfig.
[1023/022724.119:WARNING:dns_config_service_win.cc(672)] Failed to read DnsConfig.
[1023/022724.707:WARNING:dns_config_service_win.cc(672)] Failed to read DnsConfig.
[1023/022725.260:WARNING:dns_config_service_win.cc(672)] Failed to read DnsConfig.
[1023/022725.665:WARNING:dns_config_service_win.cc(672)] Failed to read DnsConfig.
[1023/022726.046:WARNING:dns_config_service_win.cc(672)] Failed to read DnsConfig.
[1023/022727.567:WARNING:dns_config_service_win.cc(672)] Failed to read DnsConfig.
[1023/022729.141:WARNING:dns_config_service_win.cc(672)] Failed to read DnsConfig.
[1023/022729.729:WARNING:dns_config_service_win.cc(672)] Failed to read DnsConfig.
[1023/022730.268:WARNING:dns_config_service_win.cc(672)] Failed to read DnsConfig.
[1023/022730.687:WARNING:dns_config_service_win.cc(672)] Failed to read DnsConfig.
[1023/022731.068:WARNING:dns_config_service_win.cc(672)] Failed to read DnsConfig.
[1023/022732.580:WARNING:dns_config_service_win.cc(672)] Failed to read DnsConfig.
[1023/022734.157:WARNING:dns_config_service_win.cc(672)] Failed to read DnsConfig.
[1023/022734.761:WARNING:dns_config_service_win.cc(672)] Failed to read DnsConfig.
[1023/022735.284:WARNING:dns_config_service_win.cc(672)] Failed to read DnsConfig.
[1023/022735.707:WARNING:dns_config_service_win.cc(672)] Failed to read DnsConfig.
[1023/022736.092:WARNING:dns_config_service_win.cc(672)] Failed to read DnsConfig.
[1023/022737.593:WARNING:dns_config_service_win.cc(672)] Failed to read DnsConfig.
[1023/022739.167:WARNING:dns_config_service_win.cc(672)] Failed to read DnsConfig.
[1023/022739.785:WARNING:dns_config_service_win.cc(672)] Failed to read DnsConfig.
[1023/022740.293:WARNING:dns_config_service_win.cc(672)] Failed to read DnsConfig.
[1023/022740.715:WARNING:dns_config_service_win.cc(672)] Failed to read DnsConfig.
[1023/022741.110:WARNING:dns_config_service_win.cc(672)] Failed to read DnsConfig.
[1023/022742.617:WARNING:dns_config_service_win.cc(672)] Failed to read DnsConfig.
[1023/022744.176:WARNING:dns_config_service_win.cc(672)] Failed to read DnsConfig.
[1023/022744.824:WARNING:dns_config_service_win.cc(672)] Failed to read DnsConfig.
[1023/022745.307:WARNING:dns_config_service_win.cc(672)] Failed to read DnsConfig.
[1023/022745.729:WARNING:dns_config_service_win.cc(672)] Failed to read DnsConfig.
[1023/022746.126:WARNING:dns_config_service_win.cc(672)] Failed to read DnsConfig.
[1023/022747.641:WARNING:dns_config_service_win.cc(672)] Failed to read DnsConfig.
[1023/022749.187:WARNING:dns_config_service_win.cc(672)] Failed to read DnsConfig.
[1023/022749.858:WARNING:dns_config_service_win.cc(672)] Failed to read DnsConfig.
[1023/022750.328:WARNING:dns_config_service_win.cc(672)] Failed to read DnsConfig.
[1023/022750.740:WARNING:dns_config_service_win.cc(672)] Failed to read DnsConfig.
[1023/022751.154:WARNING:dns_config_service_win.cc(672)] Failed to read DnsConfig.
[1023/022752.663:WARNING:dns_config_service_win.cc(672)] Failed to read DnsConfig.
[1023/022754.196:WARNING:dns_config_service_win.cc(672)] Failed to read DnsConfig.
[1023/022754.884:WARNING:dns_config_service_win.cc(672)] Failed to read DnsConfig.
[1023/022755.340:WARNING:dns_config_service_win.cc(672)] Failed to read DnsConfig.
[1023/022755.762:WARNING:dns_config_service_win.cc(672)] Failed to read DnsConfig.
[1023/022756.177:WARNING:dns_config_service_win.cc(672)] Failed to read DnsConfig.
[1023/022757.691:WARNING:dns_config_service_win.cc(672)] Failed to read DnsConfig.
[1023/022759.207:WARNING:dns_config_service_win.cc(672)] Failed to read DnsConfig.
[1023/022759.910:WARNING:dns_config_service_win.cc(672)] Failed to read DnsConfig.
[1023/022800.349:WARNING:dns_config_service_win.cc(672)] Failed to read DnsConfig.
[1023/022800.773:WARNING:dns_config_service_win.cc(672)] Failed to read DnsConfig.
[1023/022801.204:WARNING:dns_config_service_win.cc(672)] Failed to read DnsConfig.
[1023/022802.719:WARNING:dns_config_service_win.cc(672)] Failed to read DnsConfig.
[1023/022804.221:WARNING:dns_config_service_win.cc(672)] Failed to read DnsConfig.
[1023/022804.937:WARNING:dns_config_service_win.cc(672)] Failed to read DnsConfig.
[1023/022805.361:WARNING:dns_config_service_win.cc(672)] Failed to read DnsConfig.
[1023/022805.785:WARNING:dns_config_service_win.cc(672)] Failed to read DnsConfig.
[1023/022806.215:WARNING:dns_config_service_win.cc(672)] Failed to read DnsConfig.
[1023/022807.737:WARNING:dns_config_service_win.cc(672)] Failed to read DnsConfig.
[1023/022809.230:WARNING:dns_config_service_win.cc(672)] Failed to read DnsConfig.
[1023/022809.972:WARNING:dns_config_service_win.cc(672)] Failed to read DnsConfig.
[1023/022810.369:WARNING:dns_config_service_win.cc(672)] Failed to read DnsConfig.
[1023/022810.806:WARNING:dns_config_service_win.cc(672)] Failed to read DnsConfig.
[1023/022811.230:WARNING:dns_config_service_win.cc(672)] Failed to read DnsConfig.
[1023/022812.751:WARNING:dns_config_service_win.cc(672)] Failed to read DnsConfig.
[1023/022814.249:WARNING:dns_config_service_win.cc(672)] Failed to read DnsConfig.
[1023/022814.999:WARNING:dns_config_service_win.cc(672)] Failed to read DnsConfig.
[1023/022815.378:WARNING:dns_config_service_win.cc(672)] Failed to read DnsConfig.
[1023/022815.818:WARNING:dns_config_service_win.cc(672)] Failed to read DnsConfig.
[1023/022816.280:WARNING:dns_config_service_win.cc(672)] Failed to read DnsConfig.
[1023/022818.001:WARNING:dns_config_service_win.cc(672)] Failed to read DnsConfig.
[1023/022819.376:WARNING:dns_config_service_win.cc(672)] Failed to read DnsConfig.
[1023/022820.286:WARNING:dns_config_service_win.cc(672)] Failed to read DnsConfig.
[1023/022820.538:WARNING:dns_config_service_win.cc(672)] Failed to read DnsConfig.
[1023/022821.025:WARNING:dns_config_service_win.cc(672)] Failed to read DnsConfig.
[1023/022821.570:WARNING:dns_config_service_win.cc(672)] Failed to read DnsConfig.
[1023/022823.247:WARNING:dns_config_service_win.cc(672)] Failed to read DnsConfig.
[1023/022824.487:WARNING:dns_config_service_win.cc(672)] Failed to read DnsConfig.
[1023/022825.936:WARNING:dns_config_service_win.cc(672)] Failed to read DnsConfig.
[1023/022826.128:WARNING:dns_config_service_win.cc(672)] Failed to read DnsConfig.
[1023/022826.828:WARNING:dns_config_service_win.cc(672)] Failed to read DnsConfig.
[1023/022828.496:WARNING:dns_config_service_win.cc(672)] Failed to read DnsConfig.
[1023/022829.578:WARNING:dns_config_service_win.cc(672)] Failed to read DnsConfig.
[1023/022831.376:WARNING:dns_config_service_win.cc(672)] Failed to read DnsConfig.
[1023/022832.041:WARNING:dns_config_service_win.cc(672)] Failed to read DnsConfig.
[1023/022833.713:WARNING:dns_config_service_win.cc(672)] Failed to read DnsConfig.
[1023/022834.661:WARNING:dns_config_service_win.cc(672)] Failed to read DnsConfig.
[1023/022836.536:WARNING:dns_config_service_win.cc(672)] Failed to read DnsConfig.
[1023/022837.247:WARNING:dns_config_service_win.cc(672)] Failed to read DnsConfig.
[1023/022838.893:WARNING:dns_config_service_win.cc(672)] Failed to read DnsConfig.
[1023/022839.743:WARNING:dns_config_service_win.cc(672)] Failed to read DnsConfig.
[1023/022841.665:WARNING:dns_config_service_win.cc(672)] Failed to read DnsConfig.
[1023/022842.420:WARNING:dns_config_service_win.cc(672)] Failed to read DnsConfig.
[1023/022844.050:WARNING:dns_config_service_win.cc(672)] Failed to read DnsConfig.
[1023/022844.812:WARNING:dns_config_service_win.cc(672)] Failed to read DnsConfig.
[1023/022846.766:WARNING:dns_config_service_win.cc(672)] Failed to read DnsConfig.
[1023/022847.497:WARNING:dns_config_service_win.cc(672)] Failed to read DnsConfig.
[1023/022849.182:WARNING:dns_config_service_win.cc(672)] Failed to read DnsConfig.
[1023/022849.892:WARNING:dns_config_service_win.cc(672)] Failed to read DnsConfig.
[1023/022851.828:WARNING:dns_config_service_win.cc(672)] Failed to read DnsConfig.
[1023/022852.577:WARNING:dns_config_service_win.cc(672)] Failed to read DnsConfig.
[1023/022854.298:WARNING:dns_config_service_win.cc(672)] Failed to read DnsConfig.
[1023/022854.957:WARNING:dns_config_service_win.cc(672)] Failed to read DnsConfig.
[1023/022856.928:WARNING:dns_config_service_win.cc(672)] Failed to read DnsConfig.
[1023/022857.639:WARNING:dns_config_service_win.cc(672)] Failed to read DnsConfig.
[1023/022859.413:WARNING:dns_config_service_win.cc(672)] Failed to read DnsConfig.
[1023/022900.046:WARNING:dns_config_service_win.cc(672)] Failed to read DnsConfig.
[1023/022902.018:WARNING:dns_config_service_win.cc(672)] Failed to read DnsConfig.
[1023/022902.709:WARNING:dns_config_service_win.cc(672)] Failed to read DnsConfig.
[1023/022904.512:WARNING:dns_config_service_win.cc(672)] Failed to read DnsConfig.
[1023/022905.116:WARNING:dns_config_service_win.cc(672)] Failed to read DnsConfig.
[1023/022907.117:WARNING:dns_config_service_win.cc(672)] Failed to read DnsConfig.
[1023/022907.777:WARNING:dns_config_service_win.cc(672)] Failed to read DnsConfig.
[1023/022909.627:WARNING:dns_config_service_win.cc(672)] Failed to read DnsConfig.
[1023/022910.196:WARNING:dns_config_service_win.cc(672)] Failed to read DnsConfig.
[1023/022912.215:WARNING:dns_config_service_win.cc(672)] Failed to read DnsConfig.
[1023/022912.848:WARNING:dns_config_service_win.cc(672)] Failed to read DnsConfig.
[1023/022914.717:WARNING:dns_config_service_win.cc(672)] Failed to read DnsConfig.
[1023/022915.268:WARNING:dns_config_service_win.cc(672)] Failed to read DnsConfig.
[1023/022917.336:WARNING:dns_config_service_win.cc(672)] Failed to read DnsConfig.
[1023/022917.924:WARNING:dns_config_service_win.cc(672)] Failed to read DnsConfig.
[1023/022919.800:WARNING:dns_config_service_win.cc(672)] Failed to read DnsConfig.
[1023/022920.352:WARNING:dns_config_service_win.cc(672)] Failed to read DnsConfig.
[1023/022922.474:WARNING:dns_config_service_win.cc(672)] Failed to read DnsConfig.
[1023/022922.997:WARNING:dns_config_service_win.cc(672)] Failed to read DnsConfig.
[1023/022924.870:WARNING:dns_config_service_win.cc(672)] Failed to read DnsConfig.
[1023/022925.446:WARNING:dns_config_service_win.cc(672)] Failed to read DnsConfig.
[1023/022927.573:WARNING:dns_config_service_win.cc(672)] Failed to read DnsConfig.
[1023/022928.085:WARNING:dns_config_service_win.cc(672)] Failed to read DnsConfig.
[1023/022929.936:WARNING:dns_config_service_win.cc(672)] Failed to read DnsConfig.
[1023/022930.531:WARNING:dns_config_service_win.cc(672)] Failed to read DnsConfig.
[1023/022932.703:WARNING:dns_config_service_win.cc(672)] Failed to read DnsConfig.
[1023/022933.184:WARNING:dns_config_service_win.cc(672)] Failed to read DnsConfig.
[1023/022935.037:WARNING:dns_config_service_win.cc(672)] Failed to read DnsConfig.
[1023/022935.618:WARNING:dns_config_service_win.cc(672)] Failed to read DnsConfig.
[1023/022937.809:WARNING:dns_config_service_win.cc(672)] Failed to read DnsConfig.
[1023/022938.295:WARNING:dns_config_service_win.cc(672)] Failed to read DnsConfig.
[1023/022940.397:WARNING:dns_config_service_win.cc(672)] Failed to read DnsConfig.
[1023/022940.869:WARNING:dns_config_service_win.cc(672)] Failed to read DnsConfig.
[1023/022942.935:WARNING:dns_config_service_win.cc(672)] Failed to read DnsConfig.
[1023/022943.405:WARNING:dns_config_service_win.cc(672)] Failed to read DnsConfig.
[1023/022945.726:WARNING:dns_config_service_win.cc(672)] Failed to read DnsConfig.
[1023/022946.004:WARNING:dns_config_service_win.cc(672)] Failed to read DnsConfig.
[1023/022948.081:WARNING:dns_config_service_win.cc(672)] Failed to read DnsConfig.
[1023/022948.518:WARNING:dns_config_service_win.cc(672)] Failed to read DnsConfig.
[1023/022950.989:WARNING:dns_config_service_win.cc(672)] Failed to read DnsConfig.
[1023/022951.339:WARNING:dns_config_service_win.cc(672)] Failed to read DnsConfig.
[1023/022953.243:WARNING:dns_config_service_win.cc(672)] Failed to read DnsConfig.
[1023/022953.627:WARNING:dns_config_service_win.cc(672)] Failed to read DnsConfig.
[1023/022956.054:WARNING:dns_config_service_win.cc(672)] Failed to read DnsConfig.
[1023/022956.429:WARNING:dns_config_service_win.cc(672)] Failed to read DnsConfig.
[1023/022958.402:WARNING:dns_config_service_win.cc(672)] Failed to read DnsConfig.
[1023/022958.747:WARNING:dns_config_service_win.cc(672)] Failed to read DnsConfig.
[1023/023001.123:WARNING:dns_config_service_win.cc(672)] Failed to read DnsConfig.
[1023/023001.509:WARNING:dns_config_service_win.cc(672)] Failed to read DnsConfig.
[1023/023003.577:WARNING:dns_config_service_win.cc(672)] Failed to read DnsConfig.
[1023/023003.902:WARNING:dns_config_service_win.cc(672)] Failed to read DnsConfig.
[1023/023006.195:WARNING:dns_config_service_win.cc(672)] Failed to read DnsConfig.
[1023/023006.576:WARNING:dns_config_service_win.cc(672)] Failed to read DnsConfig.
[1023/023008.715:WARNING:dns_config_service_win.cc(672)] Failed to read DnsConfig.
[1023/023009.082:WARNING:dns_config_service_win.cc(672)] Failed to read DnsConfig.
[1023/023011.258:WARNING:dns_config_service_win.cc(672)] Failed to read DnsConfig.
[1023/023011.654:WARNING:dns_config_service_win.cc(672)] Failed to read DnsConfig.
[1023/023013.885:WARNING:dns_config_service_win.cc(672)] Failed to read DnsConfig.
[1023/023014.239:WARNING:dns_config_service_win.cc(672)] Failed to read DnsConfig.
[1023/023016.328:WARNING:dns_config_service_win.cc(672)] Failed to read DnsConfig.
[1023/023016.773:WARNING:dns_config_service_win.cc(672)] Failed to read DnsConfig.
[1023/023019.014:WARNING:dns_config_service_win.cc(672)] Failed to read DnsConfig.
[1023/023019.399:WARNING:dns_config_service_win.cc(672)] Failed to read DnsConfig.
[1023/023021.409:WARNING:dns_config_service_win.cc(672)] Failed to read DnsConfig.
[1023/023021.846:WARNING:dns_config_service_win.cc(672)] Failed to read DnsConfig.
[1023/023024.081:WARNING:dns_config_service_win.cc(672)] Failed to read DnsConfig.
[1023/023024.563:WARNING:dns_config_service_win.cc(672)] Failed to read DnsConfig.
[1023/023026.485:WARNING:dns_config_service_win.cc(672)] Failed to read DnsConfig.
[1023/023026.937:WARNING:dns_config_service_win.cc(672)] Failed to read DnsConfig.
[1023/023029.143:WARNING:dns_config_service_win.cc(672)] Failed to read DnsConfig.
[1023/023029.736:WARNING:dns_config_service_win.cc(672)] Failed to read DnsConfig.
[1023/023031.583:WARNING:dns_config_service_win.cc(672)] Failed to read DnsConfig.
[1023/023032.098:WARNING:dns_config_service_win.cc(672)] Failed to read DnsConfig.
[1023/023034.209:WARNING:dns_config_service_win.cc(672)] Failed to read DnsConfig.
[1023/023034.837:WARNING:dns_config_service_win.cc(672)] Failed to read DnsConfig.
[1023/023036.681:WARNING:dns_config_service_win.cc(672)] Failed to read DnsConfig.
[1023/023037.240:WARNING:dns_config_service_win.cc(672)] Failed to read DnsConfig.
[1023/023039.286:WARNING:dns_config_service_win.cc(672)] Failed to read DnsConfig.
[1023/023039.906:WARNING:dns_config_service_win.cc(672)] Failed to read DnsConfig.
[1023/023041.772:WARNING:dns_config_service_win.cc(672)] Failed to read DnsConfig.
[1023/023042.390:WARNING:dns_config_service_win.cc(672)] Failed to read DnsConfig.
[1023/023044.349:WARNING:dns_config_service_win.cc(672)] Failed to read DnsConfig.
[1023/023044.969:WARNING:dns_config_service_win.cc(672)] Failed to read DnsConfig.
[1023/023046.861:WARNING:dns_config_service_win.cc(672)] Failed to read DnsConfig.
[1023/023047.571:WARNING:dns_config_service_win.cc(672)] Failed to read DnsConfig.
[1023/023049.432:WARNING:dns_config_service_win.cc(672)] Failed to read DnsConfig.
[1023/023050.083:WARNING:dns_config_service_win.cc(672)] Failed to read DnsConfig.
[1023/023051.954:WARNING:dns_config_service_win.cc(672)] Failed to read DnsConfig.
[1023/023052.733:WARNING:dns_config_service_win.cc(672)] Failed to read DnsConfig.
[1023/023054.512:WARNING:dns_config_service_win.cc(672)] Failed to read DnsConfig.
[1023/023055.218:WARNING:dns_config_service_win.cc(672)] Failed to read DnsConfig.
[1023/023057.050:WARNING:dns_config_service_win.cc(672)] Failed to read DnsConfig.
[1023/023057.899:WARNING:dns_config_service_win.cc(672)] Failed to read DnsConfig.
[1023/023059.605:WARNING:dns_config_service_win.cc(672)] Failed to read DnsConfig.
[1023/023100.373:WARNING:dns_config_service_win.cc(672)] Failed to read DnsConfig.
[1023/023102.157:WARNING:dns_config_service_win.cc(672)] Failed to read DnsConfig.
[1023/023103.043:WARNING:dns_config_service_win.cc(672)] Failed to read DnsConfig.
[1023/023104.701:WARNING:dns_config_service_win.cc(672)] Failed to read DnsConfig.
[1023/023105.534:WARNING:dns_config_service_win.cc(672)] Failed to read DnsConfig.
[1023/023107.282:WARNING:dns_config_service_win.cc(672)] Failed to read DnsConfig.
[1023/023108.194:WARNING:dns_config_service_win.cc(672)] Failed to read DnsConfig.
[1023/023109.800:WARNING:dns_config_service_win.cc(672)] Failed to read DnsConfig.
[1023/023110.709:WARNING:dns_config_service_win.cc(672)] Failed to read DnsConfig.
[1023/023112.417:WARNING:dns_config_service_win.cc(672)] Failed to read DnsConfig.
[1023/023113.377:WARNING:dns_config_service_win.cc(672)] Failed to read DnsConfig.
[1023/023114.891:WARNING:dns_config_service_win.cc(672)] Failed to read DnsConfig.
[1023/023115.896:WARNING:dns_config_service_win.cc(672)] Failed to read DnsConfig.
[1023/023117.555:WARNING:dns_config_service_win.cc(672)] Failed to read DnsConfig.
[1023/023118.529:WARNING:dns_config_service_win.cc(672)] Failed to read DnsConfig.
[1023/023119.982:WARNING:dns_config_service_win.cc(672)] Failed to read DnsConfig.
[1023/023121.070:WARNING:dns_config_service_win.cc(672)] Failed to read DnsConfig.
[1023/023122.672:WARNING:dns_config_service_win.cc(672)] Failed to read DnsConfig.
[1023/023123.655:WARNING:dns_config_service_win.cc(672)] Failed to read DnsConfig.
[1023/023125.066:WARNING:dns_config_service_win.cc(672)] Failed to read DnsConfig.
[1023/023126.173:WARNING:dns_config_service_win.cc(672)] Failed to read DnsConfig.
[1023/023127.785:WARNING:dns_config_service_win.cc(672)] Failed to read DnsConfig.
[1023/023128.737:WARNING:dns_config_service_win.cc(672)] Failed to read DnsConfig.
[1023/023130.152:WARNING:dns_config_service_win.cc(672)] Failed to read DnsConfig.
[1023/023131.254:WARNING:dns_config_service_win.cc(672)] Failed to read DnsConfig.
[1023/023132.876:WARNING:dns_config_service_win.cc(672)] Failed to read DnsConfig.
[1023/023133.812:WARNING:dns_config_service_win.cc(672)] Failed to read DnsConfig.
[1023/023135.250:WARNING:dns_config_service_win.cc(672)] Failed to read DnsConfig.
[1023/023136.332:WARNING:dns_config_service_win.cc(672)] Failed to read DnsConfig.
[1023/023137.979:WARNING:dns_config_service_win.cc(672)] Failed to read DnsConfig.
[1023/023138.891:WARNING:dns_config_service_win.cc(672)] Failed to read DnsConfig.
[1023/023140.380:WARNING:dns_config_service_win.cc(672)] Failed to read DnsConfig.
[1023/023141.418:WARNING:dns_config_service_win.cc(672)] Failed to read DnsConfig.
[1023/023143.069:WARNING:dns_config_service_win.cc(672)] Failed to read DnsConfig.
[1023/023143.957:WARNING:dns_config_service_win.cc(672)] Failed to read DnsConfig.
[1023/023145.479:WARNING:dns_config_service_win.cc(672)] Failed to read DnsConfig.
[1023/023146.506:WARNING:dns_config_service_win.cc(672)] Failed to read DnsConfig.
[1023/023148.163:WARNING:dns_config_service_win.cc(672)] Failed to read DnsConfig.
[1023/023149.029:WARNING:dns_config_service_win.cc(672)] Failed to read DnsConfig.
[1023/023150.592:WARNING:dns_config_service_win.cc(672)] Failed to read DnsConfig.
[1025/194211.949:INFO:crash_reporting.cc(219)] Crash reporting enabled for process: browser
[1025/194212.119:INFO:crash_reporting.cc(219)] Crash reporting enabled for process: gpu-process
[1025/194212.590:INFO:crash_reporting.cc(219)] Crash reporting enabled for process: utility
[1025/194412.103:INFO:crash_reporting.cc(219)] Crash reporting enabled for process: gpu-process
[1026/152856.059:WARNING:angle_platform_impl.cc(45)] compileToBinary(256): 
C:\fakepath(75,10-46): warning X3571: pow(f, e) will not work for negative f, use abs(f) or conditionally handle negative values if you expect them
C:\fakepath(98,10-46): warning X3571: pow(f, e) will not work for negative f, use abs(f) or conditionally handle negative values if you expect them

[1026/184302.869:INFO:crash_reporting.cc(219)] Crash reporting enabled for process: browser
[1026/184302.995:INFO:crash_reporting.cc(219)] Crash reporting enabled for process: gpu-process
[1026/184304.017:INFO:crash_reporting.cc(219)] Crash reporting enabled for process: utility
[1026/184502.998:INFO:crash_reporting.cc(219)] Crash reporting enabled for process: gpu-process
[1026/192910.807:WARNING:dns_config_service_win.cc(672)] Failed to read DnsConfig.
[1026/192915.841:WARNING:dns_config_service_win.cc(672)] Failed to read DnsConfig.
[1026/192920.861:WARNING:dns_config_service_win.cc(672)] Failed to read DnsConfig.
[1026/192925.901:WARNING:dns_config_service_win.cc(672)] Failed to read DnsConfig.
[1026/192930.929:WARNING:dns_config_service_win.cc(672)] Failed to read DnsConfig.
[1026/192935.954:WARNING:dns_config_service_win.cc(672)] Failed to read DnsConfig.
[1026/192940.977:WARNING:dns_config_service_win.cc(672)] Failed to read DnsConfig.
[1026/215731.283:WARNING:dns_config_service_win.cc(672)] Failed to read DnsConfig.
[1026/215736.315:WARNING:dns_config_service_win.cc(672)] Failed to read DnsConfig.
[1026/215741.337:WARNING:dns_config_service_win.cc(672)] Failed to read DnsConfig.
[1026/215746.367:WARNING:dns_config_service_win.cc(672)] Failed to read DnsConfig.
[1026/215751.411:WARNING:dns_config_service_win.cc(672)] Failed to read DnsConfig.
[1026/215756.441:WARNING:dns_config_service_win.cc(672)] Failed to read DnsConfig.
[1026/215801.456:WARNING:dns_config_service_win.cc(672)] Failed to read DnsConfig.
[1026/215806.480:WARNING:dns_config_service_win.cc(672)] Failed to read DnsConfig.
[1026/215811.555:WARNING:dns_config_service_win.cc(672)] Failed to read DnsConfig.
[1027/153100.035:WARNING:dns_config_service_win.cc(672)] Failed to read DnsConfig.
[1027/153105.054:WARNING:dns_config_service_win.cc(672)] Failed to read DnsConfig.
[1027/153110.082:WARNING:dns_config_service_win.cc(672)] Failed to read DnsConfig.
[1027/153115.104:WARNING:dns_config_service_win.cc(672)] Failed to read DnsConfig.
[1027/153120.127:WARNING:dns_config_service_win.cc(672)] Failed to read DnsConfig.
[1027/153125.144:WARNING:dns_config_service_win.cc(672)] Failed to read DnsConfig.
[1027/153130.163:WARNING:dns_config_service_win.cc(672)] Failed to read DnsConfig.
[1027/153135.188:WARNING:dns_config_service_win.cc(672)] Failed to read DnsConfig.
[1027/153140.217:WARNING:dns_config_service_win.cc(672)] Failed to read DnsConfig.
[1027/153145.237:WARNING:dns_config_service_win.cc(672)] Failed to read DnsConfig.
[1027/153150.257:WARNING:dns_config_service_win.cc(672)] Failed to read DnsConfig.
[1027/153155.281:WARNING:dns_config_service_win.cc(672)] Failed to read DnsConfig.
[1027/153200.300:WARNING:dns_config_service_win.cc(672)] Failed to read DnsConfig.
[1027/153205.320:WARNING:dns_config_service_win.cc(672)] Failed to read DnsConfig.
[1027/153210.333:WARNING:dns_config_service_win.cc(672)] Failed to read DnsConfig.
[1027/153215.355:WARNING:dns_config_service_win.cc(672)] Failed to read DnsConfig.
[1027/153220.384:WARNING:dns_config_service_win.cc(672)] Failed to read DnsConfig.
[1027/153225.400:WARNING:dns_config_service_win.cc(672)] Failed to read DnsConfig.
[1027/153230.415:WARNING:dns_config_service_win.cc(672)] Failed to read DnsConfig.
[1027/153235.432:WARNING:dns_config_service_win.cc(672)] Failed to read DnsConfig.
[1027/153240.459:WARNING:dns_config_service_win.cc(672)] Failed to read DnsConfig.
[1027/153245.481:WARNING:dns_config_service_win.cc(672)] Failed to read DnsConfig.
[1027/153250.498:WARNING:dns_config_service_win.cc(672)] Failed to read DnsConfig.
[1027/153255.523:WARNING:dns_config_service_win.cc(672)] Failed to read DnsConfig.
[1027/153300.551:WARNING:dns_config_service_win.cc(672)] Failed to read DnsConfig.
[1027/153305.565:WARNING:dns_config_service_win.cc(672)] Failed to read DnsConfig.
[1027/153310.583:WARNING:dns_config_service_win.cc(672)] Failed to read DnsConfig.
[1027/153315.607:WARNING:dns_config_service_win.cc(672)] Failed to read DnsConfig.
[1027/153320.631:WARNING:dns_config_service_win.cc(672)] Failed to read DnsConfig.
[1027/153325.658:WARNING:dns_config_service_win.cc(672)] Failed to read DnsConfig.
[1027/153330.673:WARNING:dns_config_service_win.cc(672)] Failed to read DnsConfig.
[1027/153335.702:WARNING:dns_config_service_win.cc(672)] Failed to read DnsConfig.
[1027/153340.716:WARNING:dns_config_service_win.cc(672)] Failed to read DnsConfig.
[1027/153345.733:WARNING:dns_config_service_win.cc(672)] Failed to read DnsConfig.
[1027/153350.752:WARNING:dns_config_service_win.cc(672)] Failed to read DnsConfig.
[1027/153355.769:WARNING:dns_config_service_win.cc(672)] Failed to read DnsConfig.
[1027/153400.785:WARNING:dns_config_service_win.cc(672)] Failed to read DnsConfig.
[1027/153405.806:WARNING:dns_config_service_win.cc(672)] Failed to read DnsConfig.
[1027/153410.832:WARNING:dns_config_service_win.cc(672)] Failed to read DnsConfig.
[1027/153415.858:WARNING:dns_config_service_win.cc(672)] Failed to read DnsConfig.
[1027/153420.881:WARNING:dns_config_service_win.cc(672)] Failed to read DnsConfig.
[1027/153425.902:WARNING:dns_config_service_win.cc(672)] Failed to read DnsConfig.
[1027/153430.920:WARNING:dns_config_service_win.cc(672)] Failed to read DnsConfig.
[1027/153435.943:WARNING:dns_config_service_win.cc(672)] Failed to read DnsConfig.
